<?xml version="1.0" encoding="UTF-8"?>
<!-- Generated by org.testng.reporters.JUnitReportReporter -->
<testsuite hostname="DESKTOP-VHNICL3" failures="0" tests="8" name="RestAssured_BasicApi.TC001_GET_REQ_ListOfUsers" time="3.236" errors="0" timestamp="2022-04-19T11:12:27 IST" skipped="0">
  <testcase classname="RestAssured_BasicApi.TC001_GET_REQ_ListOfUsers" name="getAllUserData" time="3.163"/>
  <system-out/>
  <testcase classname="RestAssured_BasicApi.TC001_GET_REQ_ListOfUsers" name="getbody" time="0.048"/>
  <system-out/>
  <testcase classname="RestAssured_BasicApi.TC001_GET_REQ_ListOfUsers" name="getstatuscode" time="0.003"/>
  <system-out/>
  <testcase classname="RestAssured_BasicApi.TC001_GET_REQ_ListOfUsers" name="getstatusline" time="0.002"/>
  <system-out/>
  <testcase classname="RestAssured_BasicApi.TC001_GET_REQ_ListOfUsers" name="gettime" time="0.004"/>
  <system-out/>
  <testcase classname="RestAssured_BasicApi.TC001_GET_REQ_ListOfUsers" name="getContentType" time="0.004"/>
  <system-out/>
  <testcase classname="RestAssured_BasicApi.TC001_GET_REQ_ListOfUsers" name="getContentEncoding" time="0.003"/>
  <system-out/>
  <testcase classname="RestAssured_BasicApi.TC001_GET_REQ_ListOfUsers" name="getServer" time="0.009"/>
  <system-out/>
</testsuite> <!-- RestAssured_BasicApi.TC001_GET_REQ_ListOfUsers -->
