<?xml version="1.0" encoding="UTF-8"?>
<!-- Generated by org.testng.reporters.JUnitReportReporter -->
<testsuite hostname="DESKTOP-VHNICL3" failures="0" tests="1" name="RestAssured_BasicApi.TC002_POST_Add_Customer" time="3.881" errors="0" timestamp="2022-04-17T19:07:55 IST" skipped="0">
  <testcase classname="RestAssured_BasicApi.TC002_POST_Add_Customer" name="add_customer" time="3.881"/>
  <system-out/>
</testsuite> <!-- RestAssured_BasicApi.TC002_POST_Add_Customer -->
