<?xml version="1.0" encoding="UTF-8"?>
<!-- Generated by org.testng.reporters.JUnitReportReporter -->
<testsuite hostname="DESKTOP-VHNICL3" failures="0" tests="1" name="RestAssured_BasicApi.TC001_GET_Basic" time="3.756" errors="0" timestamp="2022-04-17T15:11:41 IST" skipped="0">
  <testcase classname="RestAssured_BasicApi.TC001_GET_Basic" name="getWhetherDetails" time="3.756"/>
  <system-out/>
</testsuite> <!-- RestAssured_BasicApi.TC001_GET_Basic -->
