<?xml version="1.0" encoding="UTF-8"?>
<!-- Generated by org.testng.reporters.JUnitReportReporter -->
<testsuite hostname="DESKTOP-VHNICL3" failures="0" tests="1" name="RestAssured_BasicApi.TC002_POST_AddUserData" time="3.657" errors="0" timestamp="2022-04-19T11:43:42 IST" skipped="0">
  <testcase classname="RestAssured_BasicApi.TC002_POST_AddUserData" name="test2" time="3.657"/>
  <system-out/>
</testsuite> <!-- RestAssured_BasicApi.TC002_POST_AddUserData -->
